<?xml version="1.0" encoding="UTF-8"?>
<!-- Generated by org.testng.reporters.JUnitXMLReporter -->
<testsuite ignored="0" hostname="RR23" failures="0" tests="6" name="Default test" time="62.767" errors="0" timestamp="2024-05-11T21:04:16 GMT+05:30">
  <testcase classname="loginTest.Login" name="login" time="12.739"/>
  <testcase classname="loginTest.Login" name="login" time="12.649"/>
  <testcase classname="loginTest.Login" name="login" time="8.783"/>
  <testcase classname="loginTest.Login" name="login" time="9.0"/>
  <testcase classname="loginTest.Login" name="login" time="9.128"/>
  <testcase classname="loginTest.Login" name="login" time="9.15"/>
</testsuite> <!-- Default test -->
