<?xml version="1.0" encoding="UTF-8"?>
<!-- Generated by org.testng.reporters.JUnitXMLReporter -->
<testsuite ignored="0" hostname="Aishwarya" failures="0" tests="6" name="Default test" time="32.559" errors="0" timestamp="2024-01-23T17:58:27 IST">
  <testcase classname="loginTest.Login" name="login" time="12.62"/>
  <testcase classname="loginTest.Login" name="login" time="3.603"/>
  <testcase classname="loginTest.Login" name="login" time="4.021"/>
  <testcase classname="loginTest.Login" name="login" time="3.841"/>
  <testcase classname="loginTest.Login" name="login" time="3.877"/>
  <testcase classname="loginTest.Login" name="login" time="3.819"/>
</testsuite> <!-- Default test -->
