<?xml version="1.0" encoding="UTF-8"?>
<testng-results ignored="0" total="6" passed="6" failed="0" skipped="0">
  <reporter-output>
  </reporter-output>
  <suite started-at="2024-01-23T17:57:54 IST" name="Default suite" finished-at="2024-01-23T17:58:26 IST" duration-ms="32559">
    <groups>
    </groups>
    <test started-at="2024-01-23T17:57:54 IST" name="Default test" finished-at="2024-01-23T17:58:26 IST" duration-ms="32559">
      <class name="loginTest.Login">
        <test-method signature="login(java.lang.String,java.lang.String)[pri:0, instance:loginTest.Login@36bc55de]" started-at="2024-01-23T17:57:55 IST" name="login" data-provider="onedata" finished-at="2024-01-23T17:58:07 IST" duration-ms="12620" status="PASS">
          <params>
            <param index="0">
              <value>
                <![CDATA[standard_user]]>
              </value>
            </param>
            <param index="1">
              <value>
                <![CDATA[secret_sauce]]>
              </value>
            </param>
          </params>
          <reporter-output>
          </reporter-output>
        </test-method> <!-- login -->
        <test-method signature="login(java.lang.String,java.lang.String)[pri:0, instance:loginTest.Login@36bc55de]" started-at="2024-01-23T17:58:07 IST" name="login" data-provider="onedata" finished-at="2024-01-23T17:58:11 IST" duration-ms="3603" status="PASS">
          <params>
            <param index="0">
              <value>
                <![CDATA[locked_out_user]]>
              </value>
            </param>
            <param index="1">
              <value>
                <![CDATA[secret_sauce]]>
              </value>
            </param>
          </params>
          <reporter-output>
          </reporter-output>
        </test-method> <!-- login -->
        <test-method signature="login(java.lang.String,java.lang.String)[pri:0, instance:loginTest.Login@36bc55de]" started-at="2024-01-23T17:58:11 IST" name="login" data-provider="onedata" finished-at="2024-01-23T17:58:15 IST" duration-ms="4021" status="PASS">
          <params>
            <param index="0">
              <value>
                <![CDATA[problem_user]]>
              </value>
            </param>
            <param index="1">
              <value>
                <![CDATA[secret_sauce]]>
              </value>
            </param>
          </params>
          <reporter-output>
          </reporter-output>
        </test-method> <!-- login -->
        <test-method signature="login(java.lang.String,java.lang.String)[pri:0, instance:loginTest.Login@36bc55de]" started-at="2024-01-23T17:58:15 IST" name="login" data-provider="onedata" finished-at="2024-01-23T17:58:19 IST" duration-ms="3841" status="PASS">
          <params>
            <param index="0">
              <value>
                <![CDATA[performance_glitch_user]]>
              </value>
            </param>
            <param index="1">
              <value>
                <![CDATA[secret_sauce]]>
              </value>
            </param>
          </params>
          <reporter-output>
          </reporter-output>
        </test-method> <!-- login -->
        <test-method signature="login(java.lang.String,java.lang.String)[pri:0, instance:loginTest.Login@36bc55de]" started-at="2024-01-23T17:58:19 IST" name="login" data-provider="onedata" finished-at="2024-01-23T17:58:23 IST" duration-ms="3877" status="PASS">
          <params>
            <param index="0">
              <value>
                <![CDATA[error_user]]>
              </value>
            </param>
            <param index="1">
              <value>
                <![CDATA[secret_sauce]]>
              </value>
            </param>
          </params>
          <reporter-output>
          </reporter-output>
        </test-method> <!-- login -->
        <test-method signature="login(java.lang.String,java.lang.String)[pri:0, instance:loginTest.Login@36bc55de]" started-at="2024-01-23T17:58:23 IST" name="login" data-provider="onedata" finished-at="2024-01-23T17:58:26 IST" duration-ms="3819" status="PASS">
          <params>
            <param index="0">
              <value>
                <![CDATA[visual_user]]>
              </value>
            </param>
            <param index="1">
              <value>
                <![CDATA[secret_sauce]]>
              </value>
            </param>
          </params>
          <reporter-output>
          </reporter-output>
        </test-method> <!-- login -->
      </class> <!-- loginTest.Login -->
    </test> <!-- Default test -->
  </suite> <!-- Default suite -->
</testng-results>
