<?xml version="1.0" encoding="UTF-8"?>
<testng-results ignored="0" total="6" passed="6" failed="0" skipped="0">
  <reporter-output>
  </reporter-output>
  <suite started-at="2024-05-11T21:03:13 GMT+05:30" name="Default suite" finished-at="2024-05-11T21:04:16 GMT+05:30" duration-ms="62767">
    <groups>
    </groups>
    <test started-at="2024-05-11T21:03:13 GMT+05:30" name="Default test" finished-at="2024-05-11T21:04:16 GMT+05:30" duration-ms="62767">
      <class name="loginTest.Login">
        <test-method signature="login(java.lang.String,java.lang.String)[pri:0, instance:loginTest.Login@36bc55de]" started-at="2024-05-11T21:03:15 GMT+05:30" name="login" data-provider="onedata" finished-at="2024-05-11T21:03:27 GMT+05:30" duration-ms="12739" status="PASS">
          <params>
            <param index="0">
              <value>
                <![CDATA[standard_user]]>
              </value>
            </param>
            <param index="1">
              <value>
                <![CDATA[secret_sauce]]>
              </value>
            </param>
          </params>
          <reporter-output>
          </reporter-output>
        </test-method> <!-- login -->
        <test-method signature="login(java.lang.String,java.lang.String)[pri:0, instance:loginTest.Login@36bc55de]" started-at="2024-05-11T21:03:27 GMT+05:30" name="login" data-provider="onedata" finished-at="2024-05-11T21:03:40 GMT+05:30" duration-ms="12649" status="PASS">
          <params>
            <param index="0">
              <value>
                <![CDATA[locked_out_user]]>
              </value>
            </param>
            <param index="1">
              <value>
                <![CDATA[secret_sauce]]>
              </value>
            </param>
          </params>
          <reporter-output>
          </reporter-output>
        </test-method> <!-- login -->
        <test-method signature="login(java.lang.String,java.lang.String)[pri:0, instance:loginTest.Login@36bc55de]" started-at="2024-05-11T21:03:40 GMT+05:30" name="login" data-provider="onedata" finished-at="2024-05-11T21:03:49 GMT+05:30" duration-ms="8783" status="PASS">
          <params>
            <param index="0">
              <value>
                <![CDATA[problem_user]]>
              </value>
            </param>
            <param index="1">
              <value>
                <![CDATA[secret_sauce]]>
              </value>
            </param>
          </params>
          <reporter-output>
          </reporter-output>
        </test-method> <!-- login -->
        <test-method signature="login(java.lang.String,java.lang.String)[pri:0, instance:loginTest.Login@36bc55de]" started-at="2024-05-11T21:03:49 GMT+05:30" name="login" data-provider="onedata" finished-at="2024-05-11T21:03:58 GMT+05:30" duration-ms="9000" status="PASS">
          <params>
            <param index="0">
              <value>
                <![CDATA[performance_glitch_user]]>
              </value>
            </param>
            <param index="1">
              <value>
                <![CDATA[secret_sauce]]>
              </value>
            </param>
          </params>
          <reporter-output>
          </reporter-output>
        </test-method> <!-- login -->
        <test-method signature="login(java.lang.String,java.lang.String)[pri:0, instance:loginTest.Login@36bc55de]" started-at="2024-05-11T21:03:58 GMT+05:30" name="login" data-provider="onedata" finished-at="2024-05-11T21:04:07 GMT+05:30" duration-ms="9128" status="PASS">
          <params>
            <param index="0">
              <value>
                <![CDATA[error_user]]>
              </value>
            </param>
            <param index="1">
              <value>
                <![CDATA[secret_sauce]]>
              </value>
            </param>
          </params>
          <reporter-output>
          </reporter-output>
        </test-method> <!-- login -->
        <test-method signature="login(java.lang.String,java.lang.String)[pri:0, instance:loginTest.Login@36bc55de]" started-at="2024-05-11T21:04:07 GMT+05:30" name="login" data-provider="onedata" finished-at="2024-05-11T21:04:16 GMT+05:30" duration-ms="9150" status="PASS">
          <params>
            <param index="0">
              <value>
                <![CDATA[visual_user]]>
              </value>
            </param>
            <param index="1">
              <value>
                <![CDATA[secret_sauce]]>
              </value>
            </param>
          </params>
          <reporter-output>
          </reporter-output>
        </test-method> <!-- login -->
      </class> <!-- loginTest.Login -->
    </test> <!-- Default test -->
  </suite> <!-- Default suite -->
</testng-results>
